<?xml version="1.0" encoding="UTF-8"?>
<!-- Generated by org.testng.reporters.JUnitReportReporter -->
<testsuite hostname="cecilys-MBP" failures="1" tests="5" name="cucumberOptions.testNgRunnder" time="0.443" errors="0" timestamp="2024-04-04T15:25:34 PDT" skipped="0">
  <testcase classname="cucumberOptions.testNgRunnder" name="runScenario" time="0.039"/>
  <testcase classname="cucumberOptions.testNgRunnder" name="runScenario" time="0.034"/>
  <testcase classname="cucumberOptions.testNgRunnder" name="runScenario" time="0.100">
    <failure message="expected [true] but found [false]" type="java.lang.AssertionError">
      <![CDATA[java.lang.AssertionError: expected [true] but found [false]
at org.testng.Assert.fail(Assert.java:111)
at org.testng.Assert.failNotEquals(Assert.java:1578)
at org.testng.Assert.assertTrue(Assert.java:57)
at org.testng.Assert.assertTrue(Assert.java:67)
at stepDefinitions.MainSteps.user_is_on_practice_landing_page(MainSteps.java:24)
at âœ½.User is on Practice landing page(file:///Users/cecilyli/eclipse-workspace/Cucumber/src/test/java/features/first.feature:51)
]]>
    </failure>
  </testcase> <!-- runScenario -->
  <testcase classname="cucumberOptions.testNgRunnder" name="runScenario" time="0.023"/>
  <testcase classname="cucumberOptions.testNgRunnder" name="runScenario" time="0.247"/>
</testsuite> <!-- cucumberOptions.testNgRunnder -->
